[0.430s] Invoking command in '/home/robotica/ros2_ws/build/controller': PYTHONPATH=/home/robotica/ros2_ws/build/controller/prefix_override:/usr/lib/python3/dist-packages/colcon_core/task/python/colcon_distutils_commands:/home/robotica/ros2_ws/install/controller/lib/python3.10/site-packages:${PYTHONPATH} /usr/bin/python3 -W ignore:setup.py install is deprecated -W ignore:easy_install command is deprecated setup.py develop --editable --build-directory /home/robotica/ros2_ws/build/controller/build --no-deps symlink_data
[0.589s] running develop
[0.668s] running egg_info
[0.669s] writing controller.egg-info/PKG-INFO
[0.669s] writing dependency_links to controller.egg-info/dependency_links.txt
[0.669s] writing entry points to controller.egg-info/entry_points.txt
[0.669s] writing requirements to controller.egg-info/requires.txt
[0.669s] writing top-level names to controller.egg-info/top_level.txt
[0.672s] reading manifest file 'controller.egg-info/SOURCES.txt'
[0.672s] writing manifest file 'controller.egg-info/SOURCES.txt'
[0.672s] running build_ext
[0.672s] Creating /home/robotica/ros2_ws/install/controller/lib/python3.10/site-packages/controller.egg-link (link to .)
[0.673s] Installing test1 script to /home/robotica/ros2_ws/install/controller/lib/controller
[0.673s] Installing turtle_bot_interface script to /home/robotica/ros2_ws/install/controller/lib/controller
[0.673s] Installing turtle_bot_player script to /home/robotica/ros2_ws/install/controller/lib/controller
[0.673s] Installing turtle_bot_teleop script to /home/robotica/ros2_ws/install/controller/lib/controller
[0.673s] 
[0.673s] Installed /home/robotica/ros2_ws/build/controller
[0.674s] running symlink_data
[0.693s] Invoked command in '/home/robotica/ros2_ws/build/controller' returned '0': PYTHONPATH=/home/robotica/ros2_ws/build/controller/prefix_override:/usr/lib/python3/dist-packages/colcon_core/task/python/colcon_distutils_commands:/home/robotica/ros2_ws/install/controller/lib/python3.10/site-packages:${PYTHONPATH} /usr/bin/python3 -W ignore:setup.py install is deprecated -W ignore:easy_install command is deprecated setup.py develop --editable --build-directory /home/robotica/ros2_ws/build/controller/build --no-deps symlink_data
