[0.468s] Invoking command in '/home/robotica/ros2_ws/build/controller': PYTHONPATH=/home/robotica/ros2_ws/build/controller/prefix_override:/usr/lib/python3/dist-packages/colcon_core/task/python/colcon_distutils_commands:/home/robotica/ros2_ws/install/controller/lib/python3.10/site-packages:${PYTHONPATH} /usr/bin/python3 -W ignore:setup.py install is deprecated -W ignore:easy_install command is deprecated setup.py develop --editable --build-directory /home/robotica/ros2_ws/build/controller/build --no-deps symlink_data --force
[0.616s] running develop
[0.643s] /usr/lib/python3/dist-packages/pkg_resources/__init__.py:116: PkgResourcesDeprecationWarning: 0.1.43ubuntu1 is an invalid version and will not be supported in a future release
[0.643s]   warnings.warn(
[0.644s] /usr/lib/python3/dist-packages/pkg_resources/__init__.py:116: PkgResourcesDeprecationWarning: 1.1build1 is an invalid version and will not be supported in a future release
[0.644s]   warnings.warn(
[0.688s] running egg_info
[0.688s] writing controller.egg-info/PKG-INFO
[0.697s] writing dependency_links to controller.egg-info/dependency_links.txt
[0.697s] writing entry points to controller.egg-info/entry_points.txt
[0.699s] writing requirements to controller.egg-info/requires.txt
[0.699s] writing top-level names to controller.egg-info/top_level.txt
[0.700s] reading manifest file 'controller.egg-info/SOURCES.txt'
[0.701s] writing manifest file 'controller.egg-info/SOURCES.txt'
[0.702s] running build_ext
[0.702s] Creating /home/robotica/ros2_ws/install/controller/lib/python3.10/site-packages/controller.egg-link (link to .)
[0.703s] 
[0.703s] Installed /home/robotica/ros2_ws/build/controller
[0.703s] running symlink_data
[0.704s] symbolically linking /home/robotica/ros2_ws/build/controller/resource/controller -> /home/robotica/ros2_ws/install/controller/share/ament_index/resource_index/packages
[0.704s] symbolically linking /home/robotica/ros2_ws/build/controller/package.xml -> /home/robotica/ros2_ws/install/controller/share/controller
[0.723s] Invoked command in '/home/robotica/ros2_ws/build/controller' returned '0': PYTHONPATH=/home/robotica/ros2_ws/build/controller/prefix_override:/usr/lib/python3/dist-packages/colcon_core/task/python/colcon_distutils_commands:/home/robotica/ros2_ws/install/controller/lib/python3.10/site-packages:${PYTHONPATH} /usr/bin/python3 -W ignore:setup.py install is deprecated -W ignore:easy_install command is deprecated setup.py develop --editable --build-directory /home/robotica/ros2_ws/build/controller/build --no-deps symlink_data --force
