[0.366s] Invoking command in '/home/robotica/ros2_ws/src/controller': PYTHONPATH=/home/robotica/ros2_ws/build/controller/prefix_override:/usr/lib/python3/dist-packages/colcon_core/task/python/colcon_distutils_commands:/home/robotica/ros2_ws/install/controller/lib/python3.10/site-packages:${PYTHONPATH} /usr/bin/python3 -W ignore:setup.py install is deprecated -W ignore:easy_install command is deprecated setup.py egg_info --egg-base ../../build/controller build --build-base /home/robotica/ros2_ws/build/controller/build install --record /home/robotica/ros2_ws/build/controller/install.log --single-version-externally-managed install_data
[0.487s] running egg_info
[0.489s] creating ../../build/controller/controller.egg-info
[0.489s] writing ../../build/controller/controller.egg-info/PKG-INFO
[0.489s] writing dependency_links to ../../build/controller/controller.egg-info/dependency_links.txt
[0.489s] writing entry points to ../../build/controller/controller.egg-info/entry_points.txt
[0.489s] writing requirements to ../../build/controller/controller.egg-info/requires.txt
[0.489s] writing top-level names to ../../build/controller/controller.egg-info/top_level.txt
[0.489s] writing manifest file '../../build/controller/controller.egg-info/SOURCES.txt'
[0.490s] reading manifest file '../../build/controller/controller.egg-info/SOURCES.txt'
[0.490s] writing manifest file '../../build/controller/controller.egg-info/SOURCES.txt'
[0.491s] running build
[0.491s] running build_py
[0.491s] creating /home/robotica/ros2_ws/build/controller/build
[0.491s] creating /home/robotica/ros2_ws/build/controller/build/lib
[0.491s] creating /home/robotica/ros2_ws/build/controller/build/lib/controller
[0.491s] copying controller/__init__.py -> /home/robotica/ros2_ws/build/controller/build/lib/controller
[0.491s] running install
[0.491s] running install_lib
[0.492s] creating /home/robotica/ros2_ws/install/controller/lib/python3.10/site-packages/controller
[0.492s] copying /home/robotica/ros2_ws/build/controller/build/lib/controller/__init__.py -> /home/robotica/ros2_ws/install/controller/lib/python3.10/site-packages/controller
[0.492s] byte-compiling /home/robotica/ros2_ws/install/controller/lib/python3.10/site-packages/controller/__init__.py to __init__.cpython-310.pyc
[0.493s] running install_data
[0.493s] creating /home/robotica/ros2_ws/install/controller/share/ament_index
[0.493s] creating /home/robotica/ros2_ws/install/controller/share/ament_index/resource_index
[0.493s] creating /home/robotica/ros2_ws/install/controller/share/ament_index/resource_index/packages
[0.493s] copying resource/controller -> /home/robotica/ros2_ws/install/controller/share/ament_index/resource_index/packages
[0.493s] copying package.xml -> /home/robotica/ros2_ws/install/controller/share/controller
[0.493s] running install_egg_info
[0.494s] Copying ../../build/controller/controller.egg-info to /home/robotica/ros2_ws/install/controller/lib/python3.10/site-packages/controller-0.0.0-py3.10.egg-info
[0.496s] running install_scripts
[0.508s] writing list of installed files to '/home/robotica/ros2_ws/build/controller/install.log'
[0.522s] Invoked command in '/home/robotica/ros2_ws/src/controller' returned '0': PYTHONPATH=/home/robotica/ros2_ws/build/controller/prefix_override:/usr/lib/python3/dist-packages/colcon_core/task/python/colcon_distutils_commands:/home/robotica/ros2_ws/install/controller/lib/python3.10/site-packages:${PYTHONPATH} /usr/bin/python3 -W ignore:setup.py install is deprecated -W ignore:easy_install command is deprecated setup.py egg_info --egg-base ../../build/controller build --build-base /home/robotica/ros2_ws/build/controller/build install --record /home/robotica/ros2_ws/build/controller/install.log --single-version-externally-managed install_data
