running develop
Removing /home/robotica/ros2_ws/install/controller/lib/python3.10/site-packages/controller.egg-link (link to .)
running egg_info
writing ../../build/controller/controller.egg-info/PKG-INFO
writing dependency_links to ../../build/controller/controller.egg-info/dependency_links.txt
writing entry points to ../../build/controller/controller.egg-info/entry_points.txt
writing requirements to ../../build/controller/controller.egg-info/requires.txt
writing top-level names to ../../build/controller/controller.egg-info/top_level.txt
reading manifest file '../../build/controller/controller.egg-info/SOURCES.txt'
writing manifest file '../../build/controller/controller.egg-info/SOURCES.txt'
running build
running build_py
copying controller/draw_circle.py -> /home/robotica/ros2_ws/build/controller/build/lib/controller
running install
running install_lib
creating /home/robotica/ros2_ws/install/controller/lib/python3.10/site-packages/controller
copying /home/robotica/ros2_ws/build/controller/build/lib/controller/draw_circle.py -> /home/robotica/ros2_ws/install/controller/lib/python3.10/site-packages/controller
copying /home/robotica/ros2_ws/build/controller/build/lib/controller/__init__.py -> /home/robotica/ros2_ws/install/controller/lib/python3.10/site-packages/controller
byte-compiling /home/robotica/ros2_ws/install/controller/lib/python3.10/site-packages/controller/draw_circle.py to draw_circle.cpython-310.pyc
byte-compiling /home/robotica/ros2_ws/install/controller/lib/python3.10/site-packages/controller/__init__.py to __init__.cpython-310.pyc
running install_data
copying resource/controller -> /home/robotica/ros2_ws/install/controller/share/ament_index/resource_index/packages
copying package.xml -> /home/robotica/ros2_ws/install/controller/share/controller
running install_egg_info
Copying ../../build/controller/controller.egg-info to /home/robotica/ros2_ws/install/controller/lib/python3.10/site-packages/controller-0.0.0-py3.10.egg-info
running install_scripts
writing list of installed files to '/home/robotica/ros2_ws/build/controller/install.log'
