[0.396s] Invoking command in '/home/robotica/ros2_ws/build/controller': PYTHONPATH=/home/robotica/ros2_ws/build/controller/prefix_override:/usr/lib/python3/dist-packages/colcon_core/task/python/colcon_distutils_commands:/home/robotica/ros2_ws/install/controller/lib/python3.10/site-packages:${PYTHONPATH} /usr/bin/python3 -W ignore:setup.py install is deprecated -W ignore:easy_install command is deprecated setup.py develop --uninstall --editable --build-directory /home/robotica/ros2_ws/build/controller/build
[0.578s] running develop
[0.657s] Removing /home/robotica/ros2_ws/install/controller/lib/python3.10/site-packages/controller.egg-link (link to .)
[0.684s] Invoked command in '/home/robotica/ros2_ws/build/controller' returned '0': PYTHONPATH=/home/robotica/ros2_ws/build/controller/prefix_override:/usr/lib/python3/dist-packages/colcon_core/task/python/colcon_distutils_commands:/home/robotica/ros2_ws/install/controller/lib/python3.10/site-packages:${PYTHONPATH} /usr/bin/python3 -W ignore:setup.py install is deprecated -W ignore:easy_install command is deprecated setup.py develop --uninstall --editable --build-directory /home/robotica/ros2_ws/build/controller/build
[0.687s] Invoking command in '/home/robotica/ros2_ws/src/controller': PYTHONPATH=/home/robotica/ros2_ws/build/controller/prefix_override:/usr/lib/python3/dist-packages/colcon_core/task/python/colcon_distutils_commands:/home/robotica/ros2_ws/install/controller/lib/python3.10/site-packages:${PYTHONPATH} /usr/bin/python3 -W ignore:setup.py install is deprecated -W ignore:easy_install command is deprecated setup.py egg_info --egg-base ../../build/controller build --build-base /home/robotica/ros2_ws/build/controller/build install --record /home/robotica/ros2_ws/build/controller/install.log --single-version-externally-managed install_data --force
[0.868s] running egg_info
[0.868s] writing ../../build/controller/controller.egg-info/PKG-INFO
[0.869s] writing dependency_links to ../../build/controller/controller.egg-info/dependency_links.txt
[0.869s] writing entry points to ../../build/controller/controller.egg-info/entry_points.txt
[0.870s] writing requirements to ../../build/controller/controller.egg-info/requires.txt
[0.870s] writing top-level names to ../../build/controller/controller.egg-info/top_level.txt
[0.873s] reading manifest file '../../build/controller/controller.egg-info/SOURCES.txt'
[0.873s] writing manifest file '../../build/controller/controller.egg-info/SOURCES.txt'
[0.873s] running build
[0.873s] running build_py
[0.874s] copying controller/draw_circle.py -> /home/robotica/ros2_ws/build/controller/build/lib/controller
[0.878s] running install
[0.878s] running install_lib
[0.878s] creating /home/robotica/ros2_ws/install/controller/lib/python3.10/site-packages/controller
[0.878s] copying /home/robotica/ros2_ws/build/controller/build/lib/controller/draw_circle.py -> /home/robotica/ros2_ws/install/controller/lib/python3.10/site-packages/controller
[0.878s] copying /home/robotica/ros2_ws/build/controller/build/lib/controller/__init__.py -> /home/robotica/ros2_ws/install/controller/lib/python3.10/site-packages/controller
[0.879s] byte-compiling /home/robotica/ros2_ws/install/controller/lib/python3.10/site-packages/controller/draw_circle.py to draw_circle.cpython-310.pyc
[0.879s] byte-compiling /home/robotica/ros2_ws/install/controller/lib/python3.10/site-packages/controller/__init__.py to __init__.cpython-310.pyc
[0.879s] running install_data
[0.879s] copying resource/controller -> /home/robotica/ros2_ws/install/controller/share/ament_index/resource_index/packages
[0.879s] copying package.xml -> /home/robotica/ros2_ws/install/controller/share/controller
[0.879s] running install_egg_info
[0.882s] Copying ../../build/controller/controller.egg-info to /home/robotica/ros2_ws/install/controller/lib/python3.10/site-packages/controller-0.0.0-py3.10.egg-info
[0.889s] running install_scripts
[0.902s] writing list of installed files to '/home/robotica/ros2_ws/build/controller/install.log'
[0.927s] Invoked command in '/home/robotica/ros2_ws/src/controller' returned '0': PYTHONPATH=/home/robotica/ros2_ws/build/controller/prefix_override:/usr/lib/python3/dist-packages/colcon_core/task/python/colcon_distutils_commands:/home/robotica/ros2_ws/install/controller/lib/python3.10/site-packages:${PYTHONPATH} /usr/bin/python3 -W ignore:setup.py install is deprecated -W ignore:easy_install command is deprecated setup.py egg_info --egg-base ../../build/controller build --build-base /home/robotica/ros2_ws/build/controller/build install --record /home/robotica/ros2_ws/build/controller/install.log --single-version-externally-managed install_data --force
